[2022-01-03 20:33:28] local.ERROR: Undefined variable: data {"exception":"[object] (ErrorException(code: 0): Undefined variable: data at E:\\Mauricio\\Documentos\\GitHub\\api-laravel-rest\\api\\app\\Http\\Controllers\\MasterApiContoller.php:47)
[stacktrace]
#0 E:\\Mauricio\\Documentos\\GitHub\\api-laravel-rest\\api\\app\\Http\\Controllers\\MasterApiContoller.php(47): Illuminate\\Foundation\\Bootstrap\\HandleExceptions->handleError()
#1 E:\\Mauricio\\Documentos\\GitHub\\api-laravel-rest\\api\\vendor\\laravel\\framework\\src\\Illuminate\\Routing\\Controller.php(54): App\\Http\\Controllers\\MasterApiContoller->store()
#2 E:\\Mauricio\\Documentos\\GitHub\\api-laravel-rest\\api\\vendor\\laravel\\framework\\src\\Illuminate\\Routing\\ControllerDispatcher.php(45): Illuminate\\Routing\\Controller->callAction()
#3 E:\\Mauricio\\Documentos\\GitHub\\api-laravel-rest\\api\\vendor\\laravel\\framework\\src\\Illuminate\\Routing\\Route.php(262): Illuminate\\Routing\\ControllerDispatcher->dispatch()
#4 E:\\Mauricio\\Documentos\\GitHub\\api-laravel-rest\\api\\vendor\\laravel\\framework\\src\\Illuminate\\Routing\\Route.php(205): Illuminate\\Routing\\Route->runController()
#5 E:\\Mauricio\\Documentos\\GitHub\\api-laravel-rest\\api\\vendor\\laravel\\framework\\src\\Illuminate\\Routing\\Router.php(695): Illuminate\\Routing\\Route->run()
#6 E:\\Mauricio\\Documentos\\GitHub\\api-laravel-rest\\api\\vendor\\laravel\\framework\\src\\Illuminate\\Pipeline\\Pipeline.php(128): Illuminate\\Routing\\Router->Illuminate\\Routing\\{closure}()
#7 E:\\Mauricio\\Documentos\\GitHub\\api-laravel-rest\\api\\vendor\\laravel\\framework\\src\\Illuminate\\Routing\\Middleware\\SubstituteBindings.php(50): Illuminate\\Pipeline\\Pipeline->Illuminate\\Pipeline\\{closure}()
#8 E:\\Mauricio\\Documentos\\GitHub\\api-laravel-rest\\api\\vendor\\laravel\\framework\\src\\Illuminate\\Pipeline\\Pipeline.php(167): Illuminate\\Routing\\Middleware\\SubstituteBindings->handle()
#9 E:\\Mauricio\\Documentos\\GitHub\\api-laravel-rest\\api\\vendor\\laravel\\framework\\src\\Illuminate\\Routing\\Middleware\\ThrottleRequests.php(127): Illuminate\\Pipeline\\Pipeline->Illuminate\\Pipeline\\{closure}()
#10 E:\\Mauricio\\Documentos\\GitHub\\api-laravel-rest\\api\\vendor\\laravel\\framework\\src\\Illuminate\\Routing\\Middleware\\ThrottleRequests.php(103): Illuminate\\Routing\\Middleware\\ThrottleRequests->handleRequest()
#11 E:\\Mauricio\\Documentos\\GitHub\\api-laravel-rest\\api\\vendor\\laravel\\framework\\src\\Illuminate\\Routing\\Middleware\\ThrottleRequests.php(55): Illuminate\\Routing\\Middleware\\ThrottleRequests->handleRequestUsingNamedLimiter()
#12 E:\\Mauricio\\Documentos\\GitHub\\api-laravel-rest\\api\\vendor\\laravel\\framework\\src\\Illuminate\\Pipeline\\Pipeline.php(167): Illuminate\\Routing\\Middleware\\ThrottleRequests->handle()
#13 E:\\Mauricio\\Documentos\\GitHub\\api-laravel-rest\\api\\vendor\\laravel\\framework\\src\\Illuminate\\Pipeline\\Pipeline.php(103): Illuminate\\Pipeline\\Pipeline->Illuminate\\Pipeline\\{closure}()
#14 E:\\Mauricio\\Documentos\\GitHub\\api-laravel-rest\\api\\vendor\\laravel\\framework\\src\\Illuminate\\Routing\\Router.php(697): Illuminate\\Pipeline\\Pipeline->then()
#15 E:\\Mauricio\\Documentos\\GitHub\\api-laravel-rest\\api\\vendor\\laravel\\framework\\src\\Illuminate\\Routing\\Router.php(672): Illuminate\\Routing\\Router->runRouteWithinStack()
#16 E:\\Mauricio\\Documentos\\GitHub\\api-laravel-rest\\api\\vendor\\laravel\\framework\\src\\Illuminate\\Routing\\Router.php(636): Illuminate\\Routing\\Router->runRoute()
#17 E:\\Mauricio\\Documentos\\GitHub\\api-laravel-rest\\api\\vendor\\laravel\\framework\\src\\Illuminate\\Routing\\Router.php(625): Illuminate\\Routing\\Router->dispatchToRoute()
#18 E:\\Mauricio\\Documentos\\GitHub\\api-laravel-rest\\api\\vendor\\laravel\\framework\\src\\Illuminate\\Foundation\\Http\\Kernel.php(167): Illuminate\\Routing\\Router->dispatch()
#19 E:\\Mauricio\\Documentos\\GitHub\\api-laravel-rest\\api\\vendor\\laravel\\framework\\src\\Illuminate\\Pipeline\\Pipeline.php(128): Illuminate\\Foundation\\Http\\Kernel->Illuminate\\Foundation\\Http\\{closure}()
#20 E:\\Mauricio\\Documentos\\GitHub\\api-laravel-rest\\api\\vendor\\laravel\\framework\\src\\Illuminate\\Foundation\\Http\\Middleware\\TransformsRequest.php(21): Illuminate\\Pipeline\\Pipeline->Illuminate\\Pipeline\\{closure}()
#21 E:\\Mauricio\\Documentos\\GitHub\\api-laravel-rest\\api\\vendor\\laravel\\framework\\src\\Illuminate\\Foundation\\Http\\Middleware\\ConvertEmptyStringsToNull.php(31): Illuminate\\Foundation\\Http\\Middleware\\TransformsRequest->handle()
#22 E:\\Mauricio\\Documentos\\GitHub\\api-laravel-rest\\api\\vendor\\laravel\\framework\\src\\Illuminate\\Pipeline\\Pipeline.php(167): Illuminate\\Foundation\\Http\\Middleware\\ConvertEmptyStringsToNull->handle()
#23 E:\\Mauricio\\Documentos\\GitHub\\api-laravel-rest\\api\\vendor\\laravel\\framework\\src\\Illuminate\\Foundation\\Http\\Middleware\\TransformsRequest.php(21): Illuminate\\Pipeline\\Pipeline->Illuminate\\Pipeline\\{closure}()
#24 E:\\Mauricio\\Documentos\\GitHub\\api-laravel-rest\\api\\vendor\\laravel\\framework\\src\\Illuminate\\Foundation\\Http\\Middleware\\TrimStrings.php(40): Illuminate\\Foundation\\Http\\Middleware\\TransformsRequest->handle()
#25 E:\\Mauricio\\Documentos\\GitHub\\api-laravel-rest\\api\\vendor\\laravel\\framework\\src\\Illuminate\\Pipeline\\Pipeline.php(167): Illuminate\\Foundation\\Http\\Middleware\\TrimStrings->handle()
#26 E:\\Mauricio\\Documentos\\GitHub\\api-laravel-rest\\api\\vendor\\laravel\\framework\\src\\Illuminate\\Foundation\\Http\\Middleware\\ValidatePostSize.php(27): Illuminate\\Pipeline\\Pipeline->Illuminate\\Pipeline\\{closure}()
#27 E:\\Mauricio\\Documentos\\GitHub\\api-laravel-rest\\api\\vendor\\laravel\\framework\\src\\Illuminate\\Pipeline\\Pipeline.php(167): Illuminate\\Foundation\\Http\\Middleware\\ValidatePostSize->handle()
#28 E:\\Mauricio\\Documentos\\GitHub\\api-laravel-rest\\api\\vendor\\laravel\\framework\\src\\Illuminate\\Foundation\\Http\\Middleware\\PreventRequestsDuringMaintenance.php(86): Illuminate\\Pipeline\\Pipeline->Illuminate\\Pipeline\\{closure}()
#29 E:\\Mauricio\\Documentos\\GitHub\\api-laravel-rest\\api\\vendor\\laravel\\framework\\src\\Illuminate\\Pipeline\\Pipeline.php(167): Illuminate\\Foundation\\Http\\Middleware\\PreventRequestsDuringMaintenance->handle()
#30 E:\\Mauricio\\Documentos\\GitHub\\api-laravel-rest\\api\\vendor\\fruitcake\\laravel-cors\\src\\HandleCors.php(52): Illuminate\\Pipeline\\Pipeline->Illuminate\\Pipeline\\{closure}()
#31 E:\\Mauricio\\Documentos\\GitHub\\api-laravel-rest\\api\\vendor\\laravel\\framework\\src\\Illuminate\\Pipeline\\Pipeline.php(167): Fruitcake\\Cors\\HandleCors->handle()
#32 E:\\Mauricio\\Documentos\\GitHub\\api-laravel-rest\\api\\vendor\\laravel\\framework\\src\\Illuminate\\Http\\Middleware\\TrustProxies.php(39): Illuminate\\Pipeline\\Pipeline->Illuminate\\Pipeline\\{closure}()
#33 E:\\Mauricio\\Documentos\\GitHub\\api-laravel-rest\\api\\vendor\\laravel\\framework\\src\\Illuminate\\Pipeline\\Pipeline.php(167): Illuminate\\Http\\Middleware\\TrustProxies->handle()
#34 E:\\Mauricio\\Documentos\\GitHub\\api-laravel-rest\\api\\vendor\\laravel\\framework\\src\\Illuminate\\Pipeline\\Pipeline.php(103): Illuminate\\Pipeline\\Pipeline->Illuminate\\Pipeline\\{closure}()
#35 E:\\Mauricio\\Documentos\\GitHub\\api-laravel-rest\\api\\vendor\\laravel\\framework\\src\\Illuminate\\Foundation\\Http\\Kernel.php(142): Illuminate\\Pipeline\\Pipeline->then()
#36 E:\\Mauricio\\Documentos\\GitHub\\api-laravel-rest\\api\\vendor\\laravel\\framework\\src\\Illuminate\\Foundation\\Http\\Kernel.php(111): Illuminate\\Foundation\\Http\\Kernel->sendRequestThroughRouter()
#37 E:\\Mauricio\\Documentos\\GitHub\\api-laravel-rest\\api\\public\\index.php(52): Illuminate\\Foundation\\Http\\Kernel->handle()
#38 E:\\Mauricio\\Documentos\\GitHub\\api-laravel-rest\\api\\server.php(21): require_once('E:\\\\Mauricio\\\\Doc...')
#39 {main}
"} 
[2022-01-03 20:34:10] local.ERROR: Undefined variable: e {"exception":"[object] (ErrorException(code: 0): Undefined variable: e at E:\\Mauricio\\Documentos\\GitHub\\api-laravel-rest\\api\\app\\Http\\Controllers\\MasterApiContoller.php:47)
[stacktrace]
#0 E:\\Mauricio\\Documentos\\GitHub\\api-laravel-rest\\api\\app\\Http\\Controllers\\MasterApiContoller.php(47): Illuminate\\Foundation\\Bootstrap\\HandleExceptions->handleError()
#1 E:\\Mauricio\\Documentos\\GitHub\\api-laravel-rest\\api\\vendor\\laravel\\framework\\src\\Illuminate\\Routing\\Controller.php(54): App\\Http\\Controllers\\MasterApiContoller->store()
#2 E:\\Mauricio\\Documentos\\GitHub\\api-laravel-rest\\api\\vendor\\laravel\\framework\\src\\Illuminate\\Routing\\ControllerDispatcher.php(45): Illuminate\\Routing\\Controller->callAction()
#3 E:\\Mauricio\\Documentos\\GitHub\\api-laravel-rest\\api\\vendor\\laravel\\framework\\src\\Illuminate\\Routing\\Route.php(262): Illuminate\\Routing\\ControllerDispatcher->dispatch()
#4 E:\\Mauricio\\Documentos\\GitHub\\api-laravel-rest\\api\\vendor\\laravel\\framework\\src\\Illuminate\\Routing\\Route.php(205): Illuminate\\Routing\\Route->runController()
#5 E:\\Mauricio\\Documentos\\GitHub\\api-laravel-rest\\api\\vendor\\laravel\\framework\\src\\Illuminate\\Routing\\Router.php(695): Illuminate\\Routing\\Route->run()
#6 E:\\Mauricio\\Documentos\\GitHub\\api-laravel-rest\\api\\vendor\\laravel\\framework\\src\\Illuminate\\Pipeline\\Pipeline.php(128): Illuminate\\Routing\\Router->Illuminate\\Routing\\{closure}()
#7 E:\\Mauricio\\Documentos\\GitHub\\api-laravel-rest\\api\\vendor\\laravel\\framework\\src\\Illuminate\\Routing\\Middleware\\SubstituteBindings.php(50): Illuminate\\Pipeline\\Pipeline->Illuminate\\Pipeline\\{closure}()
#8 E:\\Mauricio\\Documentos\\GitHub\\api-laravel-rest\\api\\vendor\\laravel\\framework\\src\\Illuminate\\Pipeline\\Pipeline.php(167): Illuminate\\Routing\\Middleware\\SubstituteBindings->handle()
#9 E:\\Mauricio\\Documentos\\GitHub\\api-laravel-rest\\api\\vendor\\laravel\\framework\\src\\Illuminate\\Routing\\Middleware\\ThrottleRequests.php(127): Illuminate\\Pipeline\\Pipeline->Illuminate\\Pipeline\\{closure}()
#10 E:\\Mauricio\\Documentos\\GitHub\\api-laravel-rest\\api\\vendor\\laravel\\framework\\src\\Illuminate\\Routing\\Middleware\\ThrottleRequests.php(103): Illuminate\\Routing\\Middleware\\ThrottleRequests->handleRequest()
#11 E:\\Mauricio\\Documentos\\GitHub\\api-laravel-rest\\api\\vendor\\laravel\\framework\\src\\Illuminate\\Routing\\Middleware\\ThrottleRequests.php(55): Illuminate\\Routing\\Middleware\\ThrottleRequests->handleRequestUsingNamedLimiter()
#12 E:\\Mauricio\\Documentos\\GitHub\\api-laravel-rest\\api\\vendor\\laravel\\framework\\src\\Illuminate\\Pipeline\\Pipeline.php(167): Illuminate\\Routing\\Middleware\\ThrottleRequests->handle()
#13 E:\\Mauricio\\Documentos\\GitHub\\api-laravel-rest\\api\\vendor\\laravel\\framework\\src\\Illuminate\\Pipeline\\Pipeline.php(103): Illuminate\\Pipeline\\Pipeline->Illuminate\\Pipeline\\{closure}()
#14 E:\\Mauricio\\Documentos\\GitHub\\api-laravel-rest\\api\\vendor\\laravel\\framework\\src\\Illuminate\\Routing\\Router.php(697): Illuminate\\Pipeline\\Pipeline->then()
#15 E:\\Mauricio\\Documentos\\GitHub\\api-laravel-rest\\api\\vendor\\laravel\\framework\\src\\Illuminate\\Routing\\Router.php(672): Illuminate\\Routing\\Router->runRouteWithinStack()
#16 E:\\Mauricio\\Documentos\\GitHub\\api-laravel-rest\\api\\vendor\\laravel\\framework\\src\\Illuminate\\Routing\\Router.php(636): Illuminate\\Routing\\Router->runRoute()
#17 E:\\Mauricio\\Documentos\\GitHub\\api-laravel-rest\\api\\vendor\\laravel\\framework\\src\\Illuminate\\Routing\\Router.php(625): Illuminate\\Routing\\Router->dispatchToRoute()
#18 E:\\Mauricio\\Documentos\\GitHub\\api-laravel-rest\\api\\vendor\\laravel\\framework\\src\\Illuminate\\Foundation\\Http\\Kernel.php(167): Illuminate\\Routing\\Router->dispatch()
#19 E:\\Mauricio\\Documentos\\GitHub\\api-laravel-rest\\api\\vendor\\laravel\\framework\\src\\Illuminate\\Pipeline\\Pipeline.php(128): Illuminate\\Foundation\\Http\\Kernel->Illuminate\\Foundation\\Http\\{closure}()
#20 E:\\Mauricio\\Documentos\\GitHub\\api-laravel-rest\\api\\vendor\\laravel\\framework\\src\\Illuminate\\Foundation\\Http\\Middleware\\TransformsRequest.php(21): Illuminate\\Pipeline\\Pipeline->Illuminate\\Pipeline\\{closure}()
#21 E:\\Mauricio\\Documentos\\GitHub\\api-laravel-rest\\api\\vendor\\laravel\\framework\\src\\Illuminate\\Foundation\\Http\\Middleware\\ConvertEmptyStringsToNull.php(31): Illuminate\\Foundation\\Http\\Middleware\\TransformsRequest->handle()
#22 E:\\Mauricio\\Documentos\\GitHub\\api-laravel-rest\\api\\vendor\\laravel\\framework\\src\\Illuminate\\Pipeline\\Pipeline.php(167): Illuminate\\Foundation\\Http\\Middleware\\ConvertEmptyStringsToNull->handle()
#23 E:\\Mauricio\\Documentos\\GitHub\\api-laravel-rest\\api\\vendor\\laravel\\framework\\src\\Illuminate\\Foundation\\Http\\Middleware\\TransformsRequest.php(21): Illuminate\\Pipeline\\Pipeline->Illuminate\\Pipeline\\{closure}()
#24 E:\\Mauricio\\Documentos\\GitHub\\api-laravel-rest\\api\\vendor\\laravel\\framework\\src\\Illuminate\\Foundation\\Http\\Middleware\\TrimStrings.php(40): Illuminate\\Foundation\\Http\\Middleware\\TransformsRequest->handle()
#25 E:\\Mauricio\\Documentos\\GitHub\\api-laravel-rest\\api\\vendor\\laravel\\framework\\src\\Illuminate\\Pipeline\\Pipeline.php(167): Illuminate\\Foundation\\Http\\Middleware\\TrimStrings->handle()
#26 E:\\Mauricio\\Documentos\\GitHub\\api-laravel-rest\\api\\vendor\\laravel\\framework\\src\\Illuminate\\Foundation\\Http\\Middleware\\ValidatePostSize.php(27): Illuminate\\Pipeline\\Pipeline->Illuminate\\Pipeline\\{closure}()
#27 E:\\Mauricio\\Documentos\\GitHub\\api-laravel-rest\\api\\vendor\\laravel\\framework\\src\\Illuminate\\Pipeline\\Pipeline.php(167): Illuminate\\Foundation\\Http\\Middleware\\ValidatePostSize->handle()
#28 E:\\Mauricio\\Documentos\\GitHub\\api-laravel-rest\\api\\vendor\\laravel\\framework\\src\\Illuminate\\Foundation\\Http\\Middleware\\PreventRequestsDuringMaintenance.php(86): Illuminate\\Pipeline\\Pipeline->Illuminate\\Pipeline\\{closure}()
#29 E:\\Mauricio\\Documentos\\GitHub\\api-laravel-rest\\api\\vendor\\laravel\\framework\\src\\Illuminate\\Pipeline\\Pipeline.php(167): Illuminate\\Foundation\\Http\\Middleware\\PreventRequestsDuringMaintenance->handle()
#30 E:\\Mauricio\\Documentos\\GitHub\\api-laravel-rest\\api\\vendor\\fruitcake\\laravel-cors\\src\\HandleCors.php(52): Illuminate\\Pipeline\\Pipeline->Illuminate\\Pipeline\\{closure}()
#31 E:\\Mauricio\\Documentos\\GitHub\\api-laravel-rest\\api\\vendor\\laravel\\framework\\src\\Illuminate\\Pipeline\\Pipeline.php(167): Fruitcake\\Cors\\HandleCors->handle()
#32 E:\\Mauricio\\Documentos\\GitHub\\api-laravel-rest\\api\\vendor\\laravel\\framework\\src\\Illuminate\\Http\\Middleware\\TrustProxies.php(39): Illuminate\\Pipeline\\Pipeline->Illuminate\\Pipeline\\{closure}()
#33 E:\\Mauricio\\Documentos\\GitHub\\api-laravel-rest\\api\\vendor\\laravel\\framework\\src\\Illuminate\\Pipeline\\Pipeline.php(167): Illuminate\\Http\\Middleware\\TrustProxies->handle()
#34 E:\\Mauricio\\Documentos\\GitHub\\api-laravel-rest\\api\\vendor\\laravel\\framework\\src\\Illuminate\\Pipeline\\Pipeline.php(103): Illuminate\\Pipeline\\Pipeline->Illuminate\\Pipeline\\{closure}()
#35 E:\\Mauricio\\Documentos\\GitHub\\api-laravel-rest\\api\\vendor\\laravel\\framework\\src\\Illuminate\\Foundation\\Http\\Kernel.php(142): Illuminate\\Pipeline\\Pipeline->then()
#36 E:\\Mauricio\\Documentos\\GitHub\\api-laravel-rest\\api\\vendor\\laravel\\framework\\src\\Illuminate\\Foundation\\Http\\Kernel.php(111): Illuminate\\Foundation\\Http\\Kernel->sendRequestThroughRouter()
#37 E:\\Mauricio\\Documentos\\GitHub\\api-laravel-rest\\api\\public\\index.php(52): Illuminate\\Foundation\\Http\\Kernel->handle()
#38 E:\\Mauricio\\Documentos\\GitHub\\api-laravel-rest\\api\\server.php(21): require_once('E:\\\\Mauricio\\\\Doc...')
#39 {main}
"} 
